Using pre-set license
Built from '2020.2/staging' branch; Version is '2020.2.3f1 (8ff31bc5bf5b) revision 9433883'; Using compiler version '192528614'; Build Type 'Release'
OS: 'Windows 10 Home Single Language; OS build 19044.1706; Version 2009; 64bit' Language: 'tr' Physical Memory: 16303 MB
BatchMode: 1, IsHumanControllingUs: 0, StartBugReporterOnCrash: 0, Is64bit: 1, IsPro: 0

 COMMAND LINE ARGUMENTS:
D:\Unity\Editor\Unity.exe
-adb2
-batchMode
-noUpm
-name
AssetImportWorker0
-projectPath
D:/Unity Oyun Kayit/Colorful Ball 3D
-logFile
Logs/AssetImportWorker0.log
-srvPort
57283
Successfully changed project path to: D:/Unity Oyun Kayit/Colorful Ball 3D
D:/Unity Oyun Kayit/Colorful Ball 3D
Using Asset Import Pipeline V2.
Refreshing native plugins compatible for Editor in 44.33 ms, found 0 plugins.
Preloading 0 native plugins for Editor in 0.00 ms.
Initialize engine version: 2020.2.3f1 (8ff31bc5bf5b)
[Subsystems] Discovering subsystems at path D:/Unity/Editor/Data/Resources/UnitySubsystems
[Subsystems] Discovering subsystems at path D:/Unity Oyun Kayit/Colorful Ball 3D/Assets
GfxDevice: creating device client; threaded=0
Direct3D:
    Version:  Direct3D 11.0 [level 11.1]
    Renderer: NVIDIA GeForce RTX 2070 (ID=0x1f02)
    Vendor:   
    VRAM:     8031 MB
    Driver:   30.0.14.7298
Initialize mono
Mono path[0] = 'D:/Unity/Editor/Data/Managed'
Mono path[1] = 'D:/Unity/Editor/Data/MonoBleedingEdge/lib/mono/unityjit'
Mono config path = 'D:/Unity/Editor/Data/MonoBleedingEdge/etc'
Using monoOptions --debugger-agent=transport=dt_socket,embedding=1,server=y,suspend=n,address=127.0.0.1:56516
Begin MonoManager ReloadAssembly
Registering precompiled unity dll's ...
Register platform support module: D:/Unity/Editor/Data/PlaybackEngines/WindowsStandaloneSupport/UnityEditor.WindowsStandalone.Extensions.dll
Registered in 0.001192 seconds.
Native extension for WindowsStandalone target not found
Refreshing native plugins compatible for Editor in 26.28 ms, found 0 plugins.
Preloading 0 native plugins for Editor in 0.00 ms.
Invoked RoslynAnalysisRunner static constructor.
RoslynAnalysisRunner will not be running.
RoslynAnalysisRunner has terminated.
Mono: successfully reloaded assembly
- Completed reload, in  1.119 seconds
Platform modules already initialized, skipping
Registering precompiled user dll's ...
Registered in 0.010683 seconds.
Begin MonoManager ReloadAssembly
Native extension for WindowsStandalone target not found
Refreshing native plugins compatible for Editor in 0.71 ms, found 0 plugins.
Preloading 0 native plugins for Editor in 0.00 ms.
UnityIAP: [InitializeOnLoad] Facebook Check
UnityIAP: Runtime [2020.2.3f1]
UnityIAP: Current Build is Android:StandaloneWindows
UnityIAP: stub FacebookStore.dll disabled
Invoked RoslynAnalysisRunner static constructor.
RoslynAnalysisRunner will not be running.
RoslynAnalysisRunner has terminated.
Mono: successfully reloaded assembly
- Completed reload, in  0.921 seconds
Platform modules already initialized, skipping
========================================================================
Worker process is ready to serve import requests
Launched and connected shader compiler UnityShaderCompiler.exe after 0.06 seconds
Refreshing native plugins compatible for Editor in 0.81 ms, found 0 plugins.
Preloading 0 native plugins for Editor in 0.00 ms.
Unloading 1343 Unused Serialized files (Serialized files now loaded: 0)
System memory in use before: 64.9 MB.
System memory in use after: 65.0 MB.

Unloading 94 unused Assets to reduce memory usage. Loaded Objects now: 1720.
Total: 4.222100 ms (FindLiveObjects: 0.133500 ms CreateObjectMapping: 0.056500 ms MarkObjects: 3.925000 ms  DeleteObjects: 0.106300 ms)

========================================================================
Received Import Request.
  path: Assets/Scripts/Bounds.cs
  artifactKey: Guid(8801b8e11141d2644a4b79bdff57ab84) Importer(815301076,1909f56bfc062723c751e8b465ee728b)
Start importing Assets/Scripts/Bounds.cs using Guid(8801b8e11141d2644a4b79bdff57ab84) Importer(815301076,1909f56bfc062723c751e8b465ee728b)  -> (artifact id: 'fe90c130bc125921a4a8aae04e0bbb3f') in 0.038479 seconds
  Import took 0.052467 seconds .

========================================================================
Received Import Request.
  Time since last request: 0.000369 seconds.
  path: Assets/Scripts/Banner.cs
  artifactKey: Guid(e8b3045b56c7987428d753bdf640304e) Importer(815301076,1909f56bfc062723c751e8b465ee728b)
Start importing Assets/Scripts/Banner.cs using Guid(e8b3045b56c7987428d753bdf640304e) Importer(815301076,1909f56bfc062723c751e8b465ee728b)  -> (artifact id: 'a99f34124d7166277cee52b3110720ee') in 0.022639 seconds
  Import took 0.024688 seconds .

========================================================================
Received Prepare
Registering precompiled user dll's ...
Registered in 0.009966 seconds.
Begin MonoManager ReloadAssembly
Native extension for WindowsStandalone target not found
Refreshing native plugins compatible for Editor in 0.70 ms, found 0 plugins.
Preloading 0 native plugins for Editor in 0.00 ms.
UnityIAP: [InitializeOnLoad] Facebook Check
UnityIAP: Runtime [2020.2.3f1]
UnityIAP: Current Build is Android:Android
UnityIAP: stub FacebookStore.dll disabled
Invoked RoslynAnalysisRunner static constructor.
RoslynAnalysisRunner will not be running.
RoslynAnalysisRunner has terminated.
Mono: successfully reloaded assembly
- Completed reload, in  0.906 seconds
Platform modules already initialized, skipping
Switching build target platform(5) subTarget(0) extendedPlatform(0) -> platform(13) subTarget(537395200) extendedPlatform(0)
Refreshing native plugins compatible for Editor in 0.70 ms, found 0 plugins.
Preloading 0 native plugins for Editor in 0.00 ms.
Unloading 1325 Unused Serialized files (Serialized files now loaded: 0)
System memory in use before: 63.6 MB.
System memory in use after: 63.7 MB.

Unloading 89 unused Assets to reduce memory usage. Loaded Objects now: 1722.
Total: 4.214200 ms (FindLiveObjects: 0.531100 ms CreateObjectMapping: 0.054800 ms MarkObjects: 3.582700 ms  DeleteObjects: 0.040400 ms)

AssetImportParameters requested are different than current active one (requested -> active):
  custom:graphics/normal-map-encoding: 01000000000000000000000000000000 -> 02000000000000000000000000000000
========================================================================
Received Import Request.
  Time since last request: 680.695926 seconds.
  path: Assets/Scripts/CameraShake.cs
  artifactKey: Guid(08201906bec335d41a2683bdbb8aa771) Importer(815301076,1909f56bfc062723c751e8b465ee728b)
Start importing Assets/Scripts/CameraShake.cs using Guid(08201906bec335d41a2683bdbb8aa771) Importer(815301076,1909f56bfc062723c751e8b465ee728b)  -> (artifact id: '38a3b56d1296178bfc667b32caf0c03f') in 0.029281 seconds
  Import took 0.044721 seconds .

========================================================================
Received Import Request.
  Time since last request: 0.072116 seconds.
  path: Assets/Scripts/CameraMove.cs
  artifactKey: Guid(f36891798fdcc504685a81ab23ea78ae) Importer(815301076,1909f56bfc062723c751e8b465ee728b)
Start importing Assets/Scripts/CameraMove.cs using Guid(f36891798fdcc504685a81ab23ea78ae) Importer(815301076,1909f56bfc062723c751e8b465ee728b)  -> (artifact id: '47dd2f070e9d25f37c1c2d8c8aefcee1') in 0.007177 seconds
  Import took 0.009665 seconds .

AssetImportWorkerClient::OnTransportError - code=2 error=End of file
